android/build/outputs/logs/manifest-merger-debug-report.txt
-- Merging decision tree log ---
manifest
ADDED from DailaMaara\android\AndroidManifest.xml:2:1-30:12
	package
		ADDED from DailaMaara\android\AndroidManifest.xml:3:5-37
		INJECTED from DailaMaara\android\AndroidManifest.xml
		INJECTED from DailaMaara\android\AndroidManifest.xml
	android:versionName
		ADDED from DailaMaara\android\AndroidManifest.xml:5:5-30
		INJECTED from DailaMaara\android\AndroidManifest.xml
		INJECTED from DailaMaara\android\AndroidManifest.xml
	android:versionCode
		ADDED from DailaMaara\android\AndroidManifest.xml:4:5-28
		INJECTED from DailaMaara\android\AndroidManifest.xml
		INJECTED from DailaMaara\android\AndroidManifest.xml
	xmlns:android
		ADDED from DailaMaara\android\AndroidManifest.xml:2:11-69
uses-sdk
ADDED from DailaMaara\android\AndroidManifest.xml:7:5-9:41
	android:targetSdkVersion
		ADDED from DailaMaara\android\AndroidManifest.xml:9:9-38
		INJECTED from DailaMaara\android\AndroidManifest.xml
		INJECTED from DailaMaara\android\AndroidManifest.xml
	android:minSdkVersion
		ADDED from DailaMaara\android\AndroidManifest.xml:8:9-34
		INJECTED from DailaMaara\android\AndroidManifest.xml
		INJECTED from DailaMaara\android\AndroidManifest.xml
application
ADDED from DailaMaara\android\AndroidManifest.xml:11:5-28:19
	android:label
		ADDED from DailaMaara\android\AndroidManifest.xml:15:9-41
	android:debuggable
		ADDED from DailaMaara\android\AndroidManifest.xml:13:9-34
	android:allowBackup
		ADDED from DailaMaara\android\AndroidManifest.xml:12:9-35
	android:icon
		ADDED from DailaMaara\android\AndroidManifest.xml:14:9-45
	android:theme
		ADDED from DailaMaara\android\AndroidManifest.xml:16:9-40
activity#np.com.samundrakc.game.AndroidLauncher
ADDED from DailaMaara\android\AndroidManifest.xml:17:9-27:20
	android:screenOrientation
		ADDED from DailaMaara\android\AndroidManifest.xml:21:13-50
	android:label
		ADDED from DailaMaara\android\AndroidManifest.xml:20:13-45
	android:windowSoftInputMode
		ADDED from DailaMaara\android\AndroidManifest.xml:22:13-65
	android:configChanges
		ADDED from DailaMaara\android\AndroidManifest.xml:19:13-83
	android:name
		ADDED from DailaMaara\android\AndroidManifest.xml:18:13-66
intent-filter#android.intent.action.MAIN+android.intent.category.LAUNCHER
ADDED from DailaMaara\android\AndroidManifest.xml:23:13-26:29
action#android.intent.action.MAIN
ADDED from DailaMaara\android\AndroidManifest.xml:24:17-69
	android:name
		ADDED from DailaMaara\android\AndroidManifest.xml:24:25-66
category#android.intent.category.LAUNCHER
ADDED from DailaMaara\android\AndroidManifest.xml:25:17-77
	android:name
		ADDED from DailaMaara\android\AndroidManifest.xml:25:27-74